running egg_info
writing ../../build/my_python_package/my_python_package.egg-info/PKG-INFO
writing dependency_links to ../../build/my_python_package/my_python_package.egg-info/dependency_links.txt
writing entry points to ../../build/my_python_package/my_python_package.egg-info/entry_points.txt
writing requirements to ../../build/my_python_package/my_python_package.egg-info/requires.txt
writing top-level names to ../../build/my_python_package/my_python_package.egg-info/top_level.txt
reading manifest file '../../build/my_python_package/my_python_package.egg-info/SOURCES.txt'
writing manifest file '../../build/my_python_package/my_python_package.egg-info/SOURCES.txt'
running build
running build_py
copying my_python_package/simple_node.py -> /home/rafli/ros2_ws/build/my_python_package/build/lib/my_python_package
running install
running install_lib
copying /home/rafli/ros2_ws/build/my_python_package/build/lib/my_python_package/simple_node.py -> /home/rafli/ros2_ws/install/my_python_package/lib/python3.12/site-packages/my_python_package
byte-compiling /home/rafli/ros2_ws/install/my_python_package/lib/python3.12/site-packages/my_python_package/simple_node.py to simple_node.cpython-312.pyc
running install_egg_info
removing '/home/rafli/ros2_ws/install/my_python_package/lib/python3.12/site-packages/my_python_package-0.0.0-py3.12.egg-info' (and everything under it)
Copying ../../build/my_python_package/my_python_package.egg-info to /home/rafli/ros2_ws/install/my_python_package/lib/python3.12/site-packages/my_python_package-0.0.0-py3.12.egg-info
running install_scripts
Installing simple_node script to /home/rafli/ros2_ws/install/my_python_package/lib/my_python_package
writing list of installed files to '/home/rafli/ros2_ws/build/my_python_package/install.log'
