[2.321s] Invoking command in '/home/rafli/ros2_ws/my_python_package': DEBUGINFOD_URLS=https://debuginfod.ubuntu.com PYTHONPATH=/home/rafli/ros2_ws/build/my_python_package/prefix_override:/usr/lib/python3/dist-packages/colcon_core/task/python/colcon_distutils_commands:/home/rafli/ros2_ws/install/my_python_package/lib/python3.12/site-packages:${PYTHONPATH} /usr/bin/python3 -W ignore:setup.py install is deprecated setup.py egg_info --egg-base ../build/my_python_package build --build-base /home/rafli/ros2_ws/build/my_python_package/build install --record /home/rafli/ros2_ws/build/my_python_package/install.log --single-version-externally-managed
[2.749s] running egg_info
[2.749s] creating ../build/my_python_package/my_python_package.egg-info
[2.769s] writing ../build/my_python_package/my_python_package.egg-info/PKG-INFO
[2.771s] writing dependency_links to ../build/my_python_package/my_python_package.egg-info/dependency_links.txt
[2.771s] writing entry points to ../build/my_python_package/my_python_package.egg-info/entry_points.txt
[2.771s] writing requirements to ../build/my_python_package/my_python_package.egg-info/requires.txt
[2.772s] writing top-level names to ../build/my_python_package/my_python_package.egg-info/top_level.txt
[2.772s] writing manifest file '../build/my_python_package/my_python_package.egg-info/SOURCES.txt'
[2.844s] reading manifest file '../build/my_python_package/my_python_package.egg-info/SOURCES.txt'
[2.845s] writing manifest file '../build/my_python_package/my_python_package.egg-info/SOURCES.txt'
[2.846s] running build
[2.846s] running build_py
[2.847s] creating /home/rafli/ros2_ws/build/my_python_package/build
[2.847s] creating /home/rafli/ros2_ws/build/my_python_package/build/lib
[2.847s] creating /home/rafli/ros2_ws/build/my_python_package/build/lib/my_python_package
[2.847s] copying my_python_package/__init__.py -> /home/rafli/ros2_ws/build/my_python_package/build/lib/my_python_package
[2.848s] running install
[2.858s] running install_lib
[2.893s] creating /home/rafli/ros2_ws/install/my_python_package/lib/python3.12/site-packages/my_python_package
[2.894s] copying /home/rafli/ros2_ws/build/my_python_package/build/lib/my_python_package/__init__.py -> /home/rafli/ros2_ws/install/my_python_package/lib/python3.12/site-packages/my_python_package
[2.895s] byte-compiling /home/rafli/ros2_ws/install/my_python_package/lib/python3.12/site-packages/my_python_package/__init__.py to __init__.cpython-312.pyc
[2.896s] running install_egg_info
[2.934s] Copying ../build/my_python_package/my_python_package.egg-info to /home/rafli/ros2_ws/install/my_python_package/lib/python3.12/site-packages/my_python_package-0.0.0-py3.12.egg-info
[2.935s] running install_scripts
[3.153s] Installing simple_node script to /home/rafli/ros2_ws/install/my_python_package/lib/my_python_package
[3.154s] writing list of installed files to '/home/rafli/ros2_ws/build/my_python_package/install.log'
[3.196s] Invoked command in '/home/rafli/ros2_ws/my_python_package' returned '0': DEBUGINFOD_URLS=https://debuginfod.ubuntu.com PYTHONPATH=/home/rafli/ros2_ws/build/my_python_package/prefix_override:/usr/lib/python3/dist-packages/colcon_core/task/python/colcon_distutils_commands:/home/rafli/ros2_ws/install/my_python_package/lib/python3.12/site-packages:${PYTHONPATH} /usr/bin/python3 -W ignore:setup.py install is deprecated setup.py egg_info --egg-base ../build/my_python_package build --build-base /home/rafli/ros2_ws/build/my_python_package/build install --record /home/rafli/ros2_ws/build/my_python_package/install.log --single-version-externally-managed
